<?xml version="1.0" encoding="UTF-8"?>
<robot generator="Robot 7.0.1 (Python 3.9.6 on darwin)" generated="2024-08-19T23:07:35.523165" rpa="false" schemaversion="5">
<suite id="s1" name="Ip Print Test" source="/Users/anusha/workspace/ARM/tests/test_suite/ip_print_test.robot">
<kw name="Create Directory" owner="OperatingSystem" type="SETUP">
<msg time="2024-08-19T23:07:35.558455" level="INFO" html="true">Directory '&lt;a href="file:///Users/anusha/workspace/ARM/tests/test_suite/output"&gt;/Users/anusha/workspace/ARM/tests/test_suite/output&lt;/a&gt;' already exists.</msg>
<arg>output</arg>
<doc>Creates the specified directory.</doc>
<status status="PASS" start="2024-08-19T23:07:35.558149" elapsed="0.000389"/>
</kw>
<test id="s1-t1" name="Test Input1.json" line="14">
<kw name="Run Process" owner="Process">
<msg time="2024-08-19T23:07:35.559768" level="INFO">Starting process:
python3 /Users/anusha/workspace/ARM/tests/test_suite/../../ip_print.py /Users/anusha/workspace/ARM/tests/test_suite/../input_files/input1.json</msg>
<msg time="2024-08-19T23:07:35.563407" level="INFO">Waiting for process to complete.</msg>
<msg time="2024-08-19T23:07:35.624815" level="INFO">Process completed.</msg>
<msg time="2024-08-19T23:07:35.625248" level="INFO">${result} = &lt;result object with rc 0&gt;</msg>
<var>${result}</var>
<arg>python3</arg>
<arg>${SCRIPT}</arg>
<arg>${INPUT_DIR}input1.json</arg>
<arg>shell=True</arg>
<arg>stdout=/Users/anusha/workspace/ARM/tests/test_suite/output/input1_output.txt</arg>
<doc>Runs a process and waits for it to complete.</doc>
<status status="PASS" start="2024-08-19T23:07:35.559256" elapsed="0.066044"/>
</kw>
<kw name="Get File" owner="OperatingSystem">
<msg time="2024-08-19T23:07:35.626271" level="INFO" html="true">Getting file '&lt;a href="file:///Users/anusha/workspace/ARM/tests/test_suite/output/input1_output.txt"&gt;/Users/anusha/workspace/ARM/tests/test_suite/output/input1_output.txt&lt;/a&gt;'.</msg>
<msg time="2024-08-19T23:07:35.626494" level="INFO">${output} = 192.168.101.101
192.168.101.70
192.168.101.153
</msg>
<var>${output}</var>
<arg>/Users/anusha/workspace/ARM/tests/test_suite/output/input1_output.txt</arg>
<doc>Returns the contents of a specified file.</doc>
<status status="PASS" start="2024-08-19T23:07:35.625940" elapsed="0.000581"/>
</kw>
<kw name="Should Be Equal As Strings" owner="BuiltIn">
<arg>${output.strip()}</arg>
<arg>192.168.101.101\n192.168.101.70\n192.168.101.153</arg>
<doc>Fails if objects are unequal after converting them to strings.</doc>
<status status="PASS" start="2024-08-19T23:07:35.626743" elapsed="0.000795"/>
</kw>
<kw name="Should Be Equal As Integers" owner="BuiltIn">
<msg time="2024-08-19T23:07:35.628422" level="INFO">Argument types are:
&lt;class 'int'&gt;
&lt;class 'str'&gt;</msg>
<arg>${result.rc}</arg>
<arg>0</arg>
<doc>Fails if objects are unequal after converting them to integers.</doc>
<status status="PASS" start="2024-08-19T23:07:35.627748" elapsed="0.000751"/>
</kw>
<doc>Test ip_print.py with input1.json file</doc>
<status status="PASS" start="2024-08-19T23:07:35.558688" elapsed="0.070072"/>
</test>
<test id="s1-t2" name="Test Input2.json" line="21">
<kw name="Run Process" owner="Process">
<msg time="2024-08-19T23:07:35.630212" level="INFO">Starting process:
python3 /Users/anusha/workspace/ARM/tests/test_suite/../../ip_print.py /Users/anusha/workspace/ARM/tests/test_suite/../input_files/input2.json</msg>
<msg time="2024-08-19T23:07:35.635128" level="INFO">Waiting for process to complete.</msg>
<msg time="2024-08-19T23:07:35.697106" level="INFO">Process completed.</msg>
<msg time="2024-08-19T23:07:35.697597" level="INFO">${result} = &lt;result object with rc 0&gt;</msg>
<var>${result}</var>
<arg>python3</arg>
<arg>${SCRIPT}</arg>
<arg>${INPUT_DIR}input2.json</arg>
<arg>shell=True</arg>
<arg>stdout=output/input2_output.txt</arg>
<doc>Runs a process and waits for it to complete.</doc>
<status status="PASS" start="2024-08-19T23:07:35.629702" elapsed="0.067942"/>
</kw>
<kw name="Get File" owner="OperatingSystem">
<msg time="2024-08-19T23:07:35.698598" level="INFO" html="true">Getting file '&lt;a href="file:///Users/anusha/workspace/ARM/tests/test_suite/output/input2_output.txt"&gt;/Users/anusha/workspace/ARM/tests/test_suite/output/input2_output.txt&lt;/a&gt;'.</msg>
<msg time="2024-08-19T23:07:35.698788" level="INFO">${output} = 192.168.102.33 10.0.0.87
192.168.103.74 10.0.0.77
192.168.102.155 10.0.0.99
</msg>
<var>${output}</var>
<arg>output/input2_output.txt</arg>
<doc>Returns the contents of a specified file.</doc>
<status status="PASS" start="2024-08-19T23:07:35.698231" elapsed="0.000584"/>
</kw>
<kw name="Should Be Equal As Strings" owner="BuiltIn">
<arg>${output.strip()}</arg>
<arg>192.168.102.33 10.0.0.87\n192.168.103.74 10.0.0.77\n192.168.102.155 10.0.0.99</arg>
<doc>Fails if objects are unequal after converting them to strings.</doc>
<status status="PASS" start="2024-08-19T23:07:35.699023" elapsed="0.000684"/>
</kw>
<kw name="Should Be Equal As Integers" owner="BuiltIn">
<msg time="2024-08-19T23:07:35.700417" level="INFO">Argument types are:
&lt;class 'int'&gt;
&lt;class 'str'&gt;</msg>
<arg>${result.rc}</arg>
<arg>0</arg>
<doc>Fails if objects are unequal after converting them to integers.</doc>
<status status="PASS" start="2024-08-19T23:07:35.699909" elapsed="0.000576"/>
</kw>
<doc>Test ip_print.py with input2.json file</doc>
<status status="PASS" start="2024-08-19T23:07:35.629167" elapsed="0.071558"/>
</test>
<test id="s1-t3" name="Test for File not found Error" line="28">
<kw name="Run Process" owner="Process">
<msg time="2024-08-19T23:07:35.701975" level="INFO">Starting process:
python3 /Users/anusha/workspace/ARM/tests/test_suite/../../ip_print.py /Users/anusha/workspace/ARM/tests/test_suite/../input_files/input3.json</msg>
<msg time="2024-08-19T23:07:35.706316" level="INFO">Waiting for process to complete.</msg>
<msg time="2024-08-19T23:07:35.763463" level="INFO">Process completed.</msg>
<msg time="2024-08-19T23:07:35.763904" level="INFO">${result} = &lt;result object with rc 2&gt;</msg>
<var>${result}</var>
<arg>python3</arg>
<arg>${SCRIPT}</arg>
<arg>${INPUT_DIR}input3.json</arg>
<arg>shell=True</arg>
<arg>stdout=output/file_not_found_output.txt</arg>
<doc>Runs a process and waits for it to complete.</doc>
<status status="PASS" start="2024-08-19T23:07:35.701529" elapsed="0.062423"/>
</kw>
<kw name="Get File" owner="OperatingSystem">
<msg time="2024-08-19T23:07:35.764941" level="INFO" html="true">Getting file '&lt;a href="file:///Users/anusha/workspace/ARM/tests/test_suite/output/file_not_found_output.txt"&gt;/Users/anusha/workspace/ARM/tests/test_suite/output/file_not_found_output.txt&lt;/a&gt;'.</msg>
<msg time="2024-08-19T23:07:35.765130" level="INFO">${output} = Error: File '/Users/anusha/workspace/ARM/tests/test_suite/../input_files/input3.json' not found
</msg>
<var>${output}</var>
<arg>output/file_not_found_output.txt</arg>
<doc>Returns the contents of a specified file.</doc>
<status status="PASS" start="2024-08-19T23:07:35.764576" elapsed="0.000582"/>
</kw>
<kw name="Should Contain" owner="BuiltIn">
<arg>${output.strip()}</arg>
<arg>Error: File '${INPUT_DIR}input3.json' not found</arg>
<doc>Fails if ``container`` does not contain ``item`` one or more times.</doc>
<status status="PASS" start="2024-08-19T23:07:35.765374" elapsed="0.000670"/>
</kw>
<kw name="Should Be Equal As Integers" owner="BuiltIn">
<msg time="2024-08-19T23:07:35.766781" level="INFO">Argument types are:
&lt;class 'int'&gt;
&lt;class 'str'&gt;</msg>
<arg>${result.rc}</arg>
<arg>2</arg>
<doc>Fails if objects are unequal after converting them to integers.</doc>
<status status="PASS" start="2024-08-19T23:07:35.766248" elapsed="0.000600"/>
</kw>
<doc>Test ip_print.py for file not found error</doc>
<status status="PASS" start="2024-08-19T23:07:35.701048" elapsed="0.066039"/>
</test>
<test id="s1-t4" name="Test Invalid JSON" line="35">
<kw name="Run Process" owner="Process">
<msg time="2024-08-19T23:07:35.768482" level="INFO">Starting process:
python3 /Users/anusha/workspace/ARM/tests/test_suite/../../ip_print.py /Users/anusha/workspace/ARM/tests/test_suite/../input_files/input1_invalid.json</msg>
<msg time="2024-08-19T23:07:35.772943" level="INFO">Waiting for process to complete.</msg>
<msg time="2024-08-19T23:07:35.829675" level="INFO">Process completed.</msg>
<msg time="2024-08-19T23:07:35.830206" level="INFO">${result} = &lt;result object with rc 3&gt;</msg>
<var>${result}</var>
<arg>python3</arg>
<arg>${SCRIPT}</arg>
<arg>${INPUT_DIR}input1_invalid.json</arg>
<arg>shell=True</arg>
<arg>stdout=output/invalid_output.txt</arg>
<doc>Runs a process and waits for it to complete.</doc>
<status status="PASS" start="2024-08-19T23:07:35.767950" elapsed="0.062305"/>
</kw>
<kw name="Get File" owner="OperatingSystem">
<msg time="2024-08-19T23:07:35.831264" level="INFO" html="true">Getting file '&lt;a href="file:///Users/anusha/workspace/ARM/tests/test_suite/output/invalid_output.txt"&gt;/Users/anusha/workspace/ARM/tests/test_suite/output/invalid_output.txt&lt;/a&gt;'.</msg>
<msg time="2024-08-19T23:07:35.831460" level="INFO">${output} = Error: File '/Users/anusha/workspace/ARM/tests/test_suite/../input_files/input1_invalid.json' is not a valid JSON
</msg>
<var>${output}</var>
<arg>output/invalid_output.txt</arg>
<doc>Returns the contents of a specified file.</doc>
<status status="PASS" start="2024-08-19T23:07:35.830891" elapsed="0.000597"/>
</kw>
<kw name="Should Contain" owner="BuiltIn">
<arg>${output.strip()}</arg>
<arg>Error: File '${INPUT_DIR}input1_invalid.json' is not a valid JSON</arg>
<doc>Fails if ``container`` does not contain ``item`` one or more times.</doc>
<status status="PASS" start="2024-08-19T23:07:35.831766" elapsed="0.000674"/>
</kw>
<kw name="Should Be Equal As Integers" owner="BuiltIn">
<msg time="2024-08-19T23:07:35.833224" level="INFO">Argument types are:
&lt;class 'int'&gt;
&lt;class 'str'&gt;</msg>
<arg>${result.rc}</arg>
<arg>3</arg>
<doc>Fails if objects are unequal after converting them to integers.</doc>
<status status="PASS" start="2024-08-19T23:07:35.832692" elapsed="0.000601"/>
</kw>
<doc>Test ip_print.py with an invalid JSON file</doc>
<status status="PASS" start="2024-08-19T23:07:35.767412" elapsed="0.066120"/>
</test>
<test id="s1-t5" name="Test Invalid Value Object" line="43">
<kw name="Run Process" owner="Process">
<msg time="2024-08-19T23:07:35.834811" level="INFO">Starting process:
python3 /Users/anusha/workspace/ARM/tests/test_suite/../../ip_print.py /Users/anusha/workspace/ARM/tests/test_suite/../input_files/input1_no_value_object.json</msg>
<msg time="2024-08-19T23:07:35.838923" level="INFO">Waiting for process to complete.</msg>
<msg time="2024-08-19T23:07:35.897960" level="INFO">Process completed.</msg>
<msg time="2024-08-19T23:07:35.898701" level="INFO">${result} = &lt;result object with rc 1&gt;</msg>
<var>${result}</var>
<arg>python3</arg>
<arg>${SCRIPT}</arg>
<arg>${INPUT_DIR}input1_no_value_object.json</arg>
<arg>shell=True</arg>
<arg>stdout=output/novalue_output.txt</arg>
<doc>Runs a process and waits for it to complete.</doc>
<status status="PASS" start="2024-08-19T23:07:35.834363" elapsed="0.064396"/>
</kw>
<kw name="Get File" owner="OperatingSystem">
<msg time="2024-08-19T23:07:35.899765" level="INFO" html="true">Getting file '&lt;a href="file:///Users/anusha/workspace/ARM/tests/test_suite/output/novalue_output.txt"&gt;/Users/anusha/workspace/ARM/tests/test_suite/output/novalue_output.txt&lt;/a&gt;'.</msg>
<msg time="2024-08-19T23:07:35.899958" level="INFO">${output} = Error: 'vm_pivate_ips' or 'value' object not found
</msg>
<var>${output}</var>
<arg>output/novalue_output.txt</arg>
<doc>Returns the contents of a specified file.</doc>
<status status="PASS" start="2024-08-19T23:07:35.899386" elapsed="0.000599"/>
</kw>
<kw name="Should Contain" owner="BuiltIn">
<arg>${output.strip()}</arg>
<arg>Error: 'vm_pivate_ips' or 'value' object not found</arg>
<doc>Fails if ``container`` does not contain ``item`` one or more times.</doc>
<status status="PASS" start="2024-08-19T23:07:35.900196" elapsed="0.000628"/>
</kw>
<kw name="Should Be Equal As Integers" owner="BuiltIn">
<msg time="2024-08-19T23:07:35.901549" level="INFO">Argument types are:
&lt;class 'int'&gt;
&lt;class 'str'&gt;</msg>
<arg>${result.rc}</arg>
<arg>1</arg>
<doc>Fails if objects are unequal after converting them to integers.</doc>
<status status="PASS" start="2024-08-19T23:07:35.901024" elapsed="0.000594"/>
</kw>
<doc>Test ip_print.py with a file missing "value" object in "vm_private_ips"</doc>
<status status="PASS" start="2024-08-19T23:07:35.833853" elapsed="0.068007"/>
</test>
<test id="s1-t6" name="Test Invalid IPv4 format" line="51">
<kw name="Run Process" owner="Process">
<msg time="2024-08-19T23:07:35.903140" level="INFO">Starting process:
python3 /Users/anusha/workspace/ARM/tests/test_suite/../../ip_print.py /Users/anusha/workspace/ARM/tests/test_suite/../input_files/input_invalid_ipv4.json</msg>
<msg time="2024-08-19T23:07:35.908312" level="INFO">Waiting for process to complete.</msg>
<msg time="2024-08-19T23:07:35.965074" level="INFO">Process completed.</msg>
<msg time="2024-08-19T23:07:35.965514" level="INFO">${result} = &lt;result object with rc 0&gt;</msg>
<var>${result}</var>
<arg>python3</arg>
<arg>${SCRIPT}</arg>
<arg>${INPUT_DIR}input_invalid_ipv4.json</arg>
<arg>shell=True</arg>
<arg>stdout=output/invalid_ipv4.txt</arg>
<doc>Runs a process and waits for it to complete.</doc>
<status status="PASS" start="2024-08-19T23:07:35.902689" elapsed="0.062873"/>
</kw>
<kw name="Get File" owner="OperatingSystem">
<msg time="2024-08-19T23:07:35.966506" level="INFO" html="true">Getting file '&lt;a href="file:///Users/anusha/workspace/ARM/tests/test_suite/output/invalid_ipv4.txt"&gt;/Users/anusha/workspace/ARM/tests/test_suite/output/invalid_ipv4.txt&lt;/a&gt;'.</msg>
<msg time="2024-08-19T23:07:35.966692" level="INFO">${output} = 192.168.102.33 10.0.0.87
Error: Invalid IP address format
Error: Invalid IP address format
</msg>
<var>${output}</var>
<arg>output/invalid_ipv4.txt</arg>
<doc>Returns the contents of a specified file.</doc>
<status status="PASS" start="2024-08-19T23:07:35.966142" elapsed="0.000577"/>
</kw>
<kw name="Should Contain" owner="BuiltIn">
<arg>${output.strip()}</arg>
<arg>Error: Invalid IP address format</arg>
<doc>Fails if ``container`` does not contain ``item`` one or more times.</doc>
<status status="PASS" start="2024-08-19T23:07:35.967005" elapsed="0.000645"/>
</kw>
<doc>Test ip_print.py with a file missing "value" object in "vm_private_ips"</doc>
<status status="PASS" start="2024-08-19T23:07:35.902179" elapsed="0.065727"/>
</test>
<status status="PASS" start="2024-08-19T23:07:35.525354" elapsed="0.444033"/>
</suite>
<statistics>
<total>
<stat pass="6" fail="0" skip="0">All Tests</stat>
</total>
<tag>
</tag>
<suite>
<stat pass="6" fail="0" skip="0" id="s1" name="Ip Print Test">Ip Print Test</stat>
</suite>
</statistics>
<errors>
</errors>
</robot>
